Build started 26.09.2016 22:13:19.
     1>Project "C:\Users\Sergej\Documents\Code\Cplusplus\SupraHotFramework\SupraHotLib\SupraHotLib.vcxproj" on node 2 (Build target(s)).
     1>Lib:
         C:\Program Files (x86)\Microsoft Visual Studio 12.0\VC\bin\x86_amd64\Lib.exe /OUT:"C:\Users\Sergej\Documents\Code\Cplusplus\SupraHotFramework\Externals\Dependencies\libs\Debug\x64\SupraHotLib.lib" opengl32.lib glew32s.lib glfw3.lib "lua53-static.lib" /LIBPATH:C:\Users\Sergej\Documents\Code\Cplusplus\SupraHotFramework\Externals\libs\win\x64 /LIBPATH:C:\Users\Sergej\Documents\Code\Cplusplus\SupraHotFramework\Externals\libs\win\x64 /LIBPATH:"C:\Program Files (x86)\Microsoft Visual Studio 12.0\VC\lib\amd64" /LIBPATH:"C:\Program Files (x86)\Microsoft Visual Studio 12.0\VC\atlmfc\lib\amd64" /LIBPATH:"C:\Program Files (x86)\Windows Kits\8.1\lib\winv6.3\um\x64" /NOLOGO /MACHINE:X64 x64\Debug\App.obj
         x64\Debug\Camera.obj
         x64\Debug\Component.obj
         x64\Debug\Entity.obj
         x64\Debug\Face.obj
         x64\Debug\FileReader.obj
         x64\Debug\FrameBufferObject.obj
         x64\Debug\FullScreenQuad.obj
         x64\Debug\LuaVM.obj
         x64\Debug\Mat4.obj
         x64\Debug\Material.obj
         x64\Debug\MaterialLoader.obj
         x64\Debug\Mesh.obj
         x64\Debug\MeshComponent.obj
         x64\Debug\MeshData.obj
         x64\Debug\MeshDataLoader.obj
         x64\Debug\Publisher.obj
         x64\Debug\Quat4.obj
         x64\Debug\Renderer.obj
         x64\Debug\Shader.obj
         x64\Debug\stb_image.obj
         x64\Debug\stdafx.obj
         x64\Debug\StringUtil.obj
         x64\Debug\Subscriber.obj
         x64\Debug\SubscriberComponent.obj
         x64\Debug\SupraHotLib.obj
         x64\Debug\Texture2D.obj
         x64\Debug\TextureCube.obj
         x64\Debug\Transform.obj
         x64\Debug\Vec2.obj
         x64\Debug\Vec3.obj
         x64\Debug\Vertex.obj
         x64\Debug\WindowInterface.obj
         x64\Debug\WindowWin32.obj
         SupraHotLib.vcxproj -> C:\Users\Sergej\Documents\Code\Cplusplus\SupraHotFramework\Externals\Dependencies\libs\Debug\x64\SupraHotLib.lib
     1>Done Building Project "C:\Users\Sergej\Documents\Code\Cplusplus\SupraHotFramework\SupraHotLib\SupraHotLib.vcxproj" (Build target(s)).

Build succeeded.

Time Elapsed 00:00:00.36
